{"level":"fatal","message":"Esto es un logger de fatal","timestamp":"2023-11-11T17:33:32.856Z"}
{"level":"error","message":"Esto es un logger de error","timestamp":"2023-11-11T17:33:32.858Z"}
{"level":"warn","message":"Esto es un logger de warn","timestamp":"2023-11-11T17:33:32.858Z"}
{"level":"fatal","message":"Server listening on port 8080","timestamp":"2023-11-11T17:34:49.696Z"}
{"level":"error","message":"\n    One or more properties were incomplete or not valid.\n    List of required properties:\n    * first_name: needs to be a String, received Pepe\n    * last_name: needs to be a String, received undefined\n    * email: needs to be a String, received pe12333pe@pepe.com\n    ","timestamp":"2023-11-11T17:37:33.678Z"}
{"level":"error","message":"\n    One or more properties were incomplete or not valid.\n    List of required properties:\n    * name: needs to be a String, received Arroz\n    * description: needs to be a String, received undefined\n    * price: needs to be a Number, received undefined\n    * stock: needs to be a Number, received undefined\n    * code: needs to be a String, received undefined\n    * category: needs to be a String, received undefined\n    ","timestamp":"2023-11-11T17:37:44.092Z"}
{"level":"error","message":"Usuario no encontrado: canalsdigsdfsdfital@gmail.com","timestamp":"2023-11-22T17:30:01.088Z"}
{"level":"error","message":"Token no encontrado: a8980c3666e5111b707bc28c489f62a84aa17fe4","timestamp":"2023-11-22T17:37:48.289Z"}
{"level":"error","message":"Error al modificar contrase単a: TypeError: user.comparePassword is not a function","timestamp":"2023-11-22T17:42:27.364Z"}
{"level":"error","message":"Token no encontrado: eb6a58c3ca681e0ccf78690e8c83a400188a1fce","timestamp":"2023-11-22T17:43:52.755Z"}
{"level":"error","message":"Error al modificar contrase単a: TypeError: user.validatePassword is not a function","timestamp":"2023-11-22T17:44:17.796Z"}
{"level":"error","message":"Token no encontrado: 6066a2287262853b0c69fbdd54e2c47f3915bb4d","timestamp":"2023-11-22T17:46:49.011Z"}
{"level":"error","message":"La nueva contrase単a no puede ser igual a la anterior","timestamp":"2023-11-22T17:49:25.910Z"}
{"level":"error","message":"Error al enviar email: Error: Missing credentials for \"PLAIN\"","timestamp":"2023-11-27T20:17:01.786Z"}
{"level":"error","message":"Error al enviar email: Error: Missing credentials for \"PLAIN\"","timestamp":"2023-11-27T20:33:35.365Z"}
{"level":"error","message":"Error al enviar email: Error: Missing credentials for \"PLAIN\"","timestamp":"2023-11-27T20:33:39.963Z"}
{"level":"error","message":"Error al enviar email: Error: Missing credentials for \"PLAIN\"","timestamp":"2023-11-27T20:34:22.873Z"}
{"level":"error","message":"Error al enviar email: Error: Missing credentials for \"PLAIN\"","timestamp":"2023-11-27T20:34:52.478Z"}
{"level":"error","message":"Token no encontrado: 6b22139806f9e0a7e2c95d4856d3bba6278d15db","timestamp":"2023-11-27T20:40:14.124Z"}
{"level":"error","message":"La nueva contrase単a no puede ser igual a la anterior","timestamp":"2023-11-27T20:42:16.466Z"}
{"level":"error","message":"Error al conectar a la BDD Mongo (test mode): MongooseError: The `uri` parameter to `openUri()` must be a string, got \"object\". Make sure the first parameter to `mongoose.connect()` or `mongoose.createConnection()` is a string.","timestamp":"2023-12-07T12:50:04.296Z"}
{"level":"error","message":"Error al conectar a la BDD Mongo (test mode): MongooseError: The `uri` parameter to `openUri()` must be a string, got \"object\". Make sure the first parameter to `mongoose.connect()` or `mongoose.createConnection()` is a string.","timestamp":"2023-12-07T12:50:31.963Z"}
{"level":"error","timestamp":"2023-12-07T14:43:11.335Z"}
{"level":"error","timestamp":"2023-12-07T14:43:11.338Z"}
{"level":"error","message":"Login error: jwt.sign is not a function","stack":"TypeError: jwt.sign is not a function\n    at Strategy._verify (file:///C:/Users/Sebastian/Desktop/githubClones/backendCoderHouse/src/config/passport.js:80:35)\n    at process.processTicksAndRejections (node:internal/process/task_queues:95:5)","timestamp":"2023-12-07T14:51:21.062Z"}
{"level":"error","timestamp":"2023-12-07T14:51:21.064Z"}
{"level":"error","message":"Login error: jwt.sign is not a function","stack":"TypeError: jwt.sign is not a function\n    at Strategy._verify (file:///C:/Users/Sebastian/Desktop/githubClones/backendCoderHouse/src/config/passport.js:80:35)\n    at process.processTicksAndRejections (node:internal/process/task_queues:95:5)","timestamp":"2023-12-07T14:52:34.055Z"}
{"level":"error","timestamp":"2023-12-07T14:52:34.057Z"}
{"level":"error","message":"\n    One or more properties were incomplete or not valid.\n    List of required properties:\n    * name: needs to be a String, received undefined\n    * description: needs to be a String, received undefined\n    * price: needs to be a Number, received undefined\n    * stock: needs to be a Number, received undefined\n    * code: needs to be a String, received undefined\n    * category: needs to be a String, received undefined\n    ","timestamp":"2023-12-07T15:05:22.118Z"}{"level":"error","timestamp":"2023-12-07T16:55:38.239Z"}
{"level":"error","timestamp":"2023-12-07T16:55:38.241Z"}
{"level":"error","timestamp":"2023-12-07T16:57:12.939Z"}
{"level":"error","timestamp":"2023-12-07T16:57:12.941Z"}
{"level":"error","timestamp":"2023-12-07T16:58:11.957Z"}
{"level":"error","timestamp":"2023-12-07T16:58:11.959Z"}
{"level":"error","timestamp":"2023-12-07T17:02:42.418Z"}
{"level":"error","timestamp":"2023-12-07T17:02:42.420Z"}
{"level":"error","message":"\n    One or more properties were incomplete or not valid.\n    List of required properties:\n    * first_name: needs to be a String, received undefined\n    * last_name: needs to be a String, received undefined\n    * email: needs to be a String, received tester@testing.com\n    ","timestamp":"2023-12-07T19:45:23.147Z"}
{"level":"error","message":"\n    One or more properties were incomplete or not valid.\n    List of required properties:\n    * first_name: needs to be a String, received undefined\n    * last_name: needs to be a String, received undefined\n    * email: needs to be a String, received tester@testing.com\n    ","timestamp":"2023-12-07T19:46:54.312Z"}
{"level":"error","message":"\n    One or more properties were incomplete or not valid.\n    List of required properties:\n    * first_name: needs to be a String, received undefined\n    * last_name: needs to be a String, received undefined\n    * email: needs to be a String, received tester@testing.com\n    ","timestamp":"2023-12-07T19:47:30.573Z"}
{"level":"error","message":"\n    One or more properties were incomplete or not valid.\n    List of required properties:\n    * first_name: needs to be a String, received undefined\n    * last_name: needs to be a String, received undefined\n    * email: needs to be a String, received tester@testing.com\n    ","timestamp":"2023-12-07T19:47:47.123Z"}
{"level":"error","message":"\n    One or more properties were incomplete or not valid.\n    List of required properties:\n    * first_name: needs to be a String, received undefined\n    * last_name: needs to be a String, received undefined\n    * email: needs to be a String, received tester@testing.com\n    ","timestamp":"2023-12-07T19:48:46.852Z"}
{"_message":"users validation failed","errors":{"age":{"kind":"required","message":"Path `age` is required.","name":"ValidatorError","path":"age","properties":{"message":"Path `age` is required.","path":"age","type":"required"}}},"level":"error","timestamp":"2023-12-18T12:27:37.331Z"}
{"level":"error","timestamp":"2023-12-18T12:27:37.334Z"}
{"_message":"users validation failed","errors":{"age":{"kind":"required","message":"Path `age` is required.","name":"ValidatorError","path":"age","properties":{"message":"Path `age` is required.","path":"age","type":"required"}}},"level":"error","timestamp":"2023-12-18T15:03:30.531Z"}
{"level":"error","timestamp":"2023-12-18T15:03:30.533Z"}
{"level":"error","message":"Error al subir documentos: TypeError: upload is not a function","timestamp":"2023-12-19T13:31:05.630Z"}
{"level":"error","timestamp":"2023-12-19T13:34:56.395Z"}
{"level":"error","timestamp":"2023-12-19T13:35:53.025Z"}
{"level":"error","timestamp":"2023-12-19T13:35:55.260Z"}
{"level":"error","timestamp":"2023-12-19T13:35:56.317Z"}
{"level":"error","timestamp":"2023-12-19T13:36:24.913Z"}
{"level":"error","timestamp":"2023-12-19T13:42:25.740Z"}
{"level":"error","message":"Error uploading document: MulterError: Unexpected field","timestamp":"2023-12-19T13:45:48.359Z"}
{"level":"error","message":"Error uploading document: MulterError: Unexpected field","timestamp":"2023-12-19T13:51:04.733Z"}
{"level":"error","message":"Error uploading document: MulterError: Unexpected field","timestamp":"2023-12-19T13:53:29.646Z"}
{"level":"error","message":"Error uploading document: MulterError: Unexpected field","timestamp":"2023-12-19T13:54:36.236Z"}
{"level":"error","timestamp":"2023-12-19T13:56:01.825Z"}
{"level":"error","timestamp":"2023-12-19T13:56:41.226Z"}
{"level":"error","timestamp":"2023-12-19T13:59:20.521Z"}
{"level":"error","timestamp":"2023-12-19T14:01:39.390Z"}
{"level":"error","timestamp":"2023-12-19T14:03:19.512Z"}
{"level":"error","timestamp":"2023-12-19T14:04:09.326Z"}
{"level":"error","message":"Error al agregar documento: CastError: Cast to ObjectId failed for value \"1702994720983-56153790_2278500648860510_7474295331962748928_n.jpg\" (type string) at path \"documents\" because of \"BSONError\"","timestamp":"2023-12-19T14:05:21.047Z"}
{"level":"error","message":"Error al actualizar documentos: CastError: Cast to ObjectId failed for value \"{\n  filename: '1702994853098-56153790_2278500648860510_7474295331962748928_n.jpg',\n  fileId: undefined\n}\" (type Object) at path \"documents\" because of \"BSONError\"","timestamp":"2023-12-19T14:07:33.166Z"}
{"level":"error","message":"Error al actualizar documentos: CastError: Cast to ObjectId failed for value \"{\n  filename: '1702995076526-56153790_2278500648860510_7474295331962748928_n.jpg',\n  originalname: '56153790_2278500648860510_7474295331962748928_n.jpg'\n}\" (type Object) at path \"documents\" because of \"BSONError\"","timestamp":"2023-12-19T14:11:16.591Z"}
{"level":"error","message":"Error al actualizar documentos: CastError: Cast to ObjectId failed for value \"1702995227893-56153790_2278500648860510_7474295331962748928_n.jpg\" (type string) at path \"documents\" because of \"BSONError\"","timestamp":"2023-12-19T14:13:47.951Z"}
{"level":"error","timestamp":"2023-12-19T14:21:56.077Z"}
{"level":"error","timestamp":"2023-12-19T14:22:17.319Z"}
{"level":"error","timestamp":"2023-12-19T14:23:36.651Z"}
{"level":"error","timestamp":"2023-12-19T14:24:10.512Z"}
{"level":"error","timestamp":"2023-12-19T14:24:44.094Z"}
{"level":"error","timestamp":"2023-12-19T14:25:43.234Z"}
{"level":"error","timestamp":"2023-12-19T14:26:02.330Z"}
{"level":"error","timestamp":"2023-12-19T14:26:19.841Z"}
{"level":"error","timestamp":"2023-12-19T14:33:01.662Z"}
{"level":"error","timestamp":"2023-12-19T14:36:44.269Z"}
{"level":"error","timestamp":"2023-12-19T14:37:32.975Z"}
{"level":"error","timestamp":"2023-12-19T14:37:41.430Z"}
{"level":"error","message":"Error al actualizar documentos: TypeError: Cannot destructure property 'filename' of 'req.file' as it is undefined.","timestamp":"2023-12-19T14:42:31.326Z"}
{"level":"error","message":"Error al actualizar documentos: CastError: Cast to string failed for value \"{\n  filename: '1702997238037-6484023_preview.png.jpg',\n  fileId: undefined\n}\" (type Object) at path \"documents\"","timestamp":"2023-12-19T14:47:18.104Z"}
{"level":"error","timestamp":"2023-12-20T12:17:05.352Z"}
{"level":"error","timestamp":"2023-12-20T12:17:05.369Z"}
{"level":"error","message":"Error al eliminar usuarios inactivos: TypeError: Cannot destructure property 'email' of 'undefined' as it is undefined.","timestamp":"2023-12-20T12:48:26.903Z"}
{"level":"error","message":"Error al eliminar usuarios inactivos: TypeError: Cannot destructure property 'email' of 'undefined' as it is undefined.","timestamp":"2023-12-20T12:50:08.932Z"}
{"level":"error","message":"Error al eliminar usuarios inactivos: TypeError: Cannot destructure property 'email' of 'undefined' as it is undefined.","timestamp":"2023-12-20T12:50:12.379Z"}
{"level":"error","message":"Error al eliminar usuarios inactivos: TypeError: Cannot destructure property 'email' of 'undefined' as it is undefined.","timestamp":"2023-12-20T12:51:52.819Z"}
{"level":"error","message":"Error al eliminar usuarios inactivos: TypeError: Cannot destructure property 'email' of 'undefined' as it is undefined.","timestamp":"2023-12-20T12:54:02.651Z"}
{"level":"error","message":"Error al eliminar usuarios inactivos: TypeError: Cannot destructure property 'email' of 'undefined' as it is undefined.","timestamp":"2023-12-20T12:54:21.644Z"}
{"level":"error","message":"Error al eliminar usuarios inactivos: TypeError: Cannot destructure property 'email' of 'undefined' as it is undefined.","timestamp":"2023-12-20T12:54:59.957Z"}
{"level":"error","message":"Error al eliminar usuarios inactivos: TypeError: Cannot destructure property 'email' of 'undefined' as it is undefined.","timestamp":"2023-12-20T12:55:07.724Z"}
{"level":"error","message":"Error al eliminar usuarios inactivos: TypeError: Cannot destructure property 'email' of 'undefined' as it is undefined.","timestamp":"2023-12-20T12:55:27.576Z"}
{"level":"error","message":"Error al eliminar usuarios inactivos: TypeError: Cannot destructure property 'email' of 'undefined' as it is undefined.","timestamp":"2023-12-20T13:00:19.959Z"}
{"level":"error","message":"Error al enviar email: ReferenceError: storeName is not defined","timestamp":"2023-12-20T13:03:30.889Z"}
{"level":"error","message":"Error al eliminar usuarios inactivos: ReferenceError: res is not defined","timestamp":"2023-12-20T13:03:30.890Z"}
{"level":"error","message":"Error al enviar email: ReferenceError: storeName is not defined","timestamp":"2023-12-20T13:04:06.558Z"}
{"level":"error","message":"Error al eliminar usuarios inactivos: TypeError: Cannot read properties of undefined (reading 'status')","timestamp":"2023-12-20T13:04:06.559Z"}
{"level":"error","message":"Error al enviar email: Error: No recipients defined","timestamp":"2023-12-20T13:07:12.299Z"}
{"level":"error","message":"No se encontraron usuarios inactivos","timestamp":"2023-12-20T13:08:34.852Z"}
{"level":"error","message":"Error al enviar email: Error: No recipients defined","timestamp":"2023-12-20T13:10:14.011Z"}
{"level":"error","message":"Error al enviar email: Error: No recipients defined","timestamp":"2023-12-20T13:10:50.670Z"}
{"level":"error","message":"Error al enviar email: Error: No recipients defined","timestamp":"2023-12-20T13:11:26.866Z"}
{"level":"error","message":"Error al eliminar usuarios inactivos: TypeError: Cannot destructure property 'user' of 'undefined' as it is undefined.","timestamp":"2023-12-20T13:14:26.978Z"}
{"level":"error","message":"Error al eliminar usuarios inactivos: TypeError: Cannot destructure property 'email' of 'undefined' as it is undefined.","timestamp":"2023-12-20T13:16:09.074Z"}
{"level":"error","message":"Error al eliminar usuarios inactivos: TypeError: Cannot destructure property 'email' of 'undefined' as it is undefined.","timestamp":"2023-12-20T13:17:48.102Z"}
{"level":"error","message":"Error al enviar email: Error: No recipients defined","timestamp":"2023-12-20T13:20:29.820Z"}
{"level":"error","message":"Error al eliminar usuarios inactivos: CastError: Cast to date failed for value \"Invalid Date\" (type Date) at path \"last_connection\" for model \"users\"","timestamp":"2023-12-20T16:47:13.725Z"}
{"level":"error","message":"Error al eliminar usuarios inactivos: CastError: Cast to date failed for value \"Invalid Date\" (type Date) at path \"last_connection\" for model \"users\"","timestamp":"2023-12-20T16:48:15.788Z"}
{"level":"error","message":"Error al eliminar usuarios inactivos: CastError: Cast to date failed for value \"Invalid Date\" (type Date) at path \"last_connection\" for model \"users\"","timestamp":"2023-12-20T16:52:52.173Z"}
{"level":"warn","message":"No se encontraron usuarios inactivos","timestamp":"2023-12-20T16:53:15.306Z"}
{"level":"warn","message":"No se encontraron usuarios inactivos","timestamp":"2023-12-20T16:59:53.322Z"}
{"level":"error","message":"\n    One or more properties were incomplete or not valid.\n    List of required properties:\n    * name: needs to be a String, received undefined\n    * description: needs to be a String, received undefined\n    * price: needs to be a Number, received undefined\n    * stock: needs to be a Number, received undefined\n    * code: needs to be a String, received undefined\n    * category: needs to be a String, received undefined\n    ","timestamp":"2023-12-21T13:42:56.014Z"}
{"level":"error","message":"\n    One or more properties were incomplete or not valid.\n    List of required properties:\n    * first_name: needs to be a String, received \n    * last_name: needs to be a String, received \n    * email: needs to be a String, received canalsdigital@gmail.com\n    ","timestamp":"2023-12-21T18:16:01.462Z"}
